** Message: 08:39:57.952: environement.vala:58: Exporting primary_variable
** Message: 08:39:57.952: environement.vala:59: desktop_environnement XDG_CURRENT_DESKTOP
** Message: 08:39:57.952: environement.vala:150: confir_dirs is null, export : /etc/xdg
** Message: 08:39:57.952: environement.vala:184: Exporting XDG_CONFIG_DIRS
** Message: 08:39:57.952: environement.vala:218: custom_data :
** Message: 08:39:57.952: environement.vala:219: data_dirs :/usr/share/fkms:/usr/local/share:/usr/share/raspi-ui-overrides:/usr/share:/usr/share/gdm:/var/lib/menu-xdg
** Message: 08:39:57.953: environement.vala:220: data_dirs not null, export : /usr/share/fkms:/usr/local/share:/usr/share/raspi-ui-overrides:/usr/share:/usr/share/gdm:/var/lib/menu-xdg
** Message: 08:39:57.953: environement.vala:225: Exporting XDG_DATA_DIRS
** Message: 08:39:57.953: utils.vala:138: Config system location : /etc/xdg/lxsession/LXDE-pi
** Message: 08:39:57.959: utils.vala:144: System system path location : /etc/xdg/lxsession/LXDE-pi/desktop.conf
** Message: 08:39:57.959: utils.vala:148: Final file used : /etc/xdg/lxsession/LXDE-pi/desktop.conf
** Message: 08:39:57.959: utils.vala:39: Config system location : /etc/xdg/lxsession/LXDE-pi
** Message: 08:39:57.959: utils.vala:45: System system path location : /etc/xdg/lxsession/LXDE-pi/desktop.conf

** (lxsession:762): WARNING **: 08:39:57.961: utils.vala:70: 그런 파일이나 디렉터리가 없습니다
** Message: 08:39:57.961: settings.vala:540: 키 파일에 있는 “GTK” 그룹의 “iGtk/ColorScheme” 키가 없습니다
** Message: 08:39:57.961: settings.vala:540: 키 파일에 있는 “Session” 그룹의 “windows_manager/command” 키가 없습니다
** Message: 08:39:57.961: settings.vala:540: 키 파일에 있는 “Session” 그룹의 “panel/command” 키가 없습니다
** Message: 08:39:57.961: settings.vala:540: 키 파일에 있는 “Session” 그룹의 “dock/command” 키가 없습니다
** Message: 08:39:57.961: settings.vala:540: 키 파일에 있는 “Session” 그룹의 “file_manager/command” 키가 없습니다
** Message: 08:39:57.961: settings.vala:540: 키 파일에 있는 “Session” 그룹의 “desktop_manager/command” 키가 없습니다
** Message: 08:39:57.961: settings.vala:540: 키 파일에 있는 “Session” 그룹의 “launcher_manager/autostart” 키가 없습니다
** Message: 08:39:57.961: settings.vala:540: 키 파일에 있는 “Session” 그룹의 “composite_manager/command” 키가 없습니다
** Message: 08:39:57.961: settings.vala:540: 키 파일에 있는 “Session” 그룹의 “im1/command” 키가 없습니다
** Message: 08:39:57.961: settings.vala:540: 키 파일에 있는 “Session” 그룹의 “im2/command” 키가 없습니다
** Message: 08:39:57.961: settings.vala:540: 키 파일에 있는 “Session” 그룹의 “widget1/command” 키가 없습니다
** Message: 08:39:57.961: settings.vala:540: 키 파일에 있는 “Session” 그룹의 “notification/command” 키가 없습니다
** Message: 08:39:57.961: settings.vala:540: 키 파일에 있는 “Session” 그룹의 “keybindings/command” 키가 없습니다
** Message: 08:39:57.961: settings.vala:540: 키 파일에 있는 “Session” 그룹의 “im_manager/command” 키가 없습니다
** Message: 08:39:57.962: settings.vala:540: 키 파일에 있는 “Session” 그룹의 “screensaver/command” 키가 없습니다
** Message: 08:39:57.962: settings.vala:540: 키 파일에 있는 “Session” 그룹의 “power_manager/command” 키가 없습니다
** Message: 08:39:57.962: settings.vala:540: 키 파일에 있는 “Session” 그룹의 “audio_manager/command” 키가 없습니다
** Message: 08:39:57.962: settings.vala:540: 키 파일에 있는 “Session” 그룹의 “workspace_manager/command” 키가 없습니다
** Message: 08:39:57.962: settings.vala:540: 키 파일에 있는 “Session” 그룹의 “screenshot_manager/command” 키가 없습니다
** Message: 08:39:57.962: settings.vala:540: 키 파일에 있는 “Session” 그룹의 “message_manager/command” 키가 없습니다
** Message: 08:39:57.962: settings.vala:540: 키 파일에 있는 “Session” 그룹의 “upgrade_manager/command” 키가 없습니다
** Message: 08:39:57.962: settings.vala:540: 키 파일에 있는 “Session” 그룹의 “updates_manager/command” 키가 없습니다
** Message: 08:39:57.962: settings.vala:540: 키 파일에 있는 “Session” 그룹의 “updates_manager/timeout” 키가 없습니다
** Message: 08:39:57.962: settings.vala:540: 키 파일에 있는 “Session” 그룹의 “crash_manager/command” 키가 없습니다
** Message: 08:39:57.962: settings.vala:540: 키 파일에 있는 “Session” 그룹의 “crash_manager/dev_mode” 키가 없습니다
** Message: 08:39:57.962: settings.vala:540: 키 파일에 있는 “Session” 그룹의 “crash_manager/timeout” 키가 없습니다
** Message: 08:39:57.962: settings.vala:540: 키 파일에 있는 “Session” 그룹의 “upstart_user_session” 키가 없습니다
** Message: 08:39:57.962: settings.vala:540: 키 파일에 있는 “Session” 그룹의 “proxy_manager/http” 키가 없습니다
** Message: 08:39:57.962: settings.vala:540: 키 파일에 있는 “Session” 그룹의 “a11y/command” 키가 없습니다
** Message: 08:39:57.963: settings.vala:540: 키 파일에 있는 “Session” 그룹의 “xrandr/command” 키가 없습니다
** Message: 08:39:57.963: settings.vala:540: 키 파일에 있는 “Session” 그룹의 “network_gui/command” 키가 없습니다
** Message: 08:39:57.963: settings.vala:540: 키 파일에 있는 “Session” 그룹의 “webbrowser/command” 키가 없습니다
** Message: 08:39:57.963: settings.vala:540: 키 파일에 있는 “Session” 그룹의 “email/command” 키가 없습니다
** Message: 08:39:57.963: settings.vala:540: 키 파일에 있는 “Session” 그룹의 “pdf_reader/command” 키가 없습니다
** Message: 08:39:57.963: settings.vala:540: 키 파일에 있는 “Session” 그룹의 “video_player/command” 키가 없습니다
** Message: 08:39:57.963: settings.vala:540: 키 파일에 있는 “Session” 그룹의 “audio_player/command” 키가 없습니다
** Message: 08:39:57.963: settings.vala:540: 키 파일에 있는 “Session” 그룹의 “images_display/command” 키가 없습니다
** Message: 08:39:57.963: settings.vala:540: 키 파일에 있는 “Session” 그룹의 “text_editor/command” 키가 없습니다
** Message: 08:39:57.963: settings.vala:540: 키 파일에 있는 “Session” 그룹의 “archive/command” 키가 없습니다
** Message: 08:39:57.963: settings.vala:540: 키 파일에 있는 “Session” 그룹의 “charmap/command” 키가 없습니다
** Message: 08:39:57.963: settings.vala:540: 키 파일에 있는 “Session” 그룹의 “calculator/command” 키가 없습니다
** Message: 08:39:57.963: settings.vala:540: 키 파일에 있는 “Session” 그룹의 “spreadsheet/command” 키가 없습니다
** Message: 08:39:57.963: settings.vala:540: 키 파일에 있는 “Session” 그룹의 “bittorent/command” 키가 없습니다
** Message: 08:39:57.963: settings.vala:540: 키 파일에 있는 “Session” 그룹의 “document/command” 키가 없습니다
** Message: 08:39:57.963: settings.vala:540: 키 파일에 있는 “Session” 그룹의 “webcam/command” 키가 없습니다
** Message: 08:39:57.963: settings.vala:540: 키 파일에 있는 “Session” 그룹의 “burn/command” 키가 없습니다
** Message: 08:39:57.963: settings.vala:540: 키 파일에 있는 “Session” 그룹의 “notes/command” 키가 없습니다
** Message: 08:39:57.964: settings.vala:540: 키 파일에 있는 “Session” 그룹의 “disk_utility/command” 키가 없습니다
** Message: 08:39:57.964: settings.vala:540: 키 파일에 있는 “Session” 그룹의 “tasks/command” 키가 없습니다
** Message: 08:39:57.964: settings.vala:540: 키 파일에 “Keymap” 그룹이 없습니다
** Message: 08:39:57.964: settings.vala:540: 키 파일에 있는 “State” 그룹의 “laptop_mode” 키가 없습니다
** Message: 08:39:57.964: settings.vala:540: 키 파일에 있는 “Dbus” 그룹의 “gnome” 키가 없습니다
** Message: 08:39:57.964: settings.vala:540: 키 파일에 있는 “Environment” 그룹의 “type” 키가 없습니다
** Message: 08:39:57.964: settings.vala:540: 키 파일에 있는 “Environment” 그룹의 “ubuntu_menuproxy” 키가 없습니다
** Message: 08:39:57.964: settings.vala:540: 키 파일에 있는 “Environment” 그룹의 “toolkit_integration” 키가 없습니다
** Message: 08:39:57.964: settings.vala:540: 키 파일에 있는 “Environment” 그룹의 “gtk/overlay_scrollbar_disable” 키가 없습니다
** Message: 08:39:57.964: settings.vala:540: 키 파일에 있는 “Environment” 그룹의 “qt/force_theme” 키가 없습니다
** Message: 08:39:57.964: settings.vala:540: 키 파일에 있는 “Environment” 그룹의 “qt/platform” 키가 없습니다
** Message: 08:39:57.965: settings.vala:462: Monitoring: /etc/xdg/lxsession/LXDE-pi/desktop.conf
** Message: 08:39:57.965: settings.vala:470: Desktop file is not in config home, monitoring creation of it
** Message: 08:39:57.965: settings.vala:485: Monitoring home path: /home/pi/.config/lxsession/LXDE-pi/desktop.conf
** Message: 08:39:57.965: environement.vala:79: Exporting variable
** Message: 08:39:57.965: environement.vala:80: desktop_environnement XDG_CURRENT_DESKTOP
** Message: 08:39:57.965: environement.vala:177: custom_config :
** Message: 08:39:57.966: environement.vala:178: config_dirs :/etc/xdg
** Message: 08:39:57.966: environement.vala:179: confir_dirs not null, export : /etc/xdg
** Message: 08:39:57.966: environement.vala:184: Exporting XDG_CONFIG_DIRS
** Message: 08:39:57.966: environement.vala:218: custom_data :
** Message: 08:39:57.966: environement.vala:219: data_dirs :/usr/share/fkms:/usr/local/share:/usr/share/raspi-ui-overrides:/usr/share:/usr/share/gdm:/var/lib/menu-xdg
** Message: 08:39:57.966: environement.vala:220: data_dirs not null, export : /usr/share/fkms:/usr/local/share:/usr/share/raspi-ui-overrides:/usr/share:/usr/share/gdm:/var/lib/menu-xdg
** Message: 08:39:57.966: environement.vala:225: Exporting XDG_DATA_DIRS
** Message: 08:39:57.966: utils.vala:39: Config system location : /etc/xdg/lxsession/LXDE-pi
** Message: 08:39:57.966: utils.vala:45: System system path location : /etc/xdg/lxsession/LXDE-pi/desktop.conf

** (lxsession:762): WARNING **: 08:39:57.966: utils.vala:70: 그런 파일이나 디렉터리가 없습니다
** Message: 08:39:57.966: environement.vala:254: No entry in [Environment_variable]. 키 파일에 “Environment_variable” 그룹이 없습니다
** Message: 08:39:57.986: utils.vala:138: Config system location : /etc/xdg/lxsession/LXDE-pi
** Message: 08:39:57.987: utils.vala:144: System system path location : /etc/xdg/lxsession/LXDE-pi/conffiles.conf
** Message: 08:39:57.987: utils.vala:148: Final file used : /etc/xdg/lxsession/LXDE-pi/conffiles.conf
** Message: 08:39:57.987: options.vala:164: Activate xsettings_manager build-in
** Message: 08:39:57.987: utils.vala:39: Config system location : /etc/xdg/lxsession/LXDE-pi
** Message: 08:39:57.987: utils.vala:45: System system path location : /etc/xdg/lxsession/LXDE-pi/desktop.conf

** (lxsession:762): WARNING **: 08:39:57.987: utils.vala:70: 그런 파일이나 디렉터리가 없습니다
xprop:  no such property "_NET_NUMBER_OF_DESKTOPS"
xprop:  no such property "_NET_DESKTOP_NAMES"
** Message: 08:39:58.003: app.vala:721: polkit separate
** Message: 08:39:58.003: app.vala:721: polkit separate
** Message: 08:39:58.015: app.vala:76: Launching lxpolkit 
** Message: 08:39:58.015: utils.vala:138: Config system location : /etc/xdg/lxsession/LXDE-pi
** Message: 08:39:58.015: utils.vala:144: System system path location : /etc/xdg/lxsession/LXDE-pi/autostart
** Message: 08:39:58.015: utils.vala:148: Final file used : /etc/xdg/lxsession/LXDE-pi/autostart
** Message: 08:39:58.015: autostart.vala:42: Autostart path : /etc/xdg/lxsession/LXDE-pi/autostart
** Message: 08:39:58.026: app.vala:76: Launching lxpanel 
** Message: 08:39:58.037: app.vala:76: Launching pcmanfm 

** (lxsession:762): WARNING **: 08:39:58.053: app.vala:86: 하위 프로세스 “xscreensaver”을(를) 실행하기 실패 (그런 파일이나 디렉터리가 없습니다)

** (lxsession:762): WARNING **: 08:39:58.053: app.vala:87: Error when launching xscreensaver
** Message: 08:39:58.060: options.vala:107: Create build-in Clipboard
** Message: 08:39:58.062: main.vala:441: Check keymap_mode (null)
** Message: 08:39:58.067: app.vala:76: Launching /usr/bin/ssh-agent 
SSH_AUTH_SOCK=/tmp/ssh-j3SyPZcfFqMT/agent.848; export SSH_AUTH_SOCK;
SSH_AGENT_PID=850; export SSH_AGENT_PID;
echo Agent pid 850;
** Message: 08:39:58.215: x-terminal-emulator has very limited support, consider choose another terminal
** Message: 08:39:58.281: app.vala:130: /usr/bin/ssh-agent exit with this type of exit: 0
** Message: 08:39:58.313: x-terminal-emulator has very limited support, consider choose another terminal
grep: /home/pi/.config/lxpanel/LXDE-pi/panels/*: 그런 파일이나 디렉터리가 없습니다
Openbox-Message: Unable to find a valid menu file "/usr/share/lxde/openbox/menu.xml"
** Message: 08:39:59.760: Connecting ...
** Message: 08:39:59.760: Status changed to down
Unit pt-device-manager.service could not be found.

** (lxpanel:843): WARNING **: 08:40:00.128: Battery 0 not found
** Message: 08:40:00.762: Status changed to opened
** Message: 08:40:00.762: Connected to dhcpcd-8.1.2
** Message: 08:40:00.763: Status changed to connecting
** Message: 08:40:00.763: eth0: Link is down
** Message: 08:40:00.763: wlan0: Associated with iptime_ksh
** Message: 08:40:00.764: wlan0: WPA status connected
** Message: 08:40:00.764: wlan0: Received scan results
** Message: 08:40:03.812: wlan0: Configured 192.168.0.6/24
** Message: 08:40:03.813: Status changed to connected
** Message: 08:41:18.928: wlan0: Received scan results
** Message: 08:42:18.934: wlan0: Received scan results
** Message: 08:43:18.949: wlan0: Received scan results
** Message: 08:44:18.959: wlan0: Received scan results
** Message: 08:45:18.931: wlan0: Received scan results
** Message: 08:46:18.979: wlan0: Received scan results
** Message: 08:47:18.946: wlan0: Received scan results
** Message: 08:48:19.062: wlan0: Received scan results
** Message: 08:49:18.959: wlan0: Received scan results
** Message: 08:50:19.000: wlan0: Received scan results
** Message: 08:51:18.970: wlan0: Received scan results
** Message: 08:52:18.983: wlan0: Received scan results
** Message: 08:53:18.978: wlan0: Received scan results
** Message: 08:54:18.983: wlan0: Received scan results
** Message: 08:55:18.998: wlan0: Received scan results
** Message: 08:56:18.905: wlan0: Received scan results
** Message: 08:57:18.944: wlan0: Received scan results
** Message: 08:58:18.912: wlan0: Received scan results
** Message: 08:59:18.952: wlan0: Received scan results
** Message: 09:00:19.068: wlan0: Received scan results
** Message: 09:01:18.939: wlan0: Received scan results
** Message: 09:02:18.948: wlan0: Received scan results
** Message: 09:03:18.959: wlan0: Received scan results
** Message: 09:04:18.965: wlan0: Received scan results
** Message: 09:05:19.086: wlan0: Received scan results
** Message: 09:06:19.014: wlan0: Received scan results
** Message: 09:07:18.984: wlan0: Received scan results
** Message: 09:08:19.001: wlan0: Received scan results
** Message: 09:09:19.007: wlan0: Received scan results
** Message: 09:10:19.116: wlan0: Received scan results
** Message: 09:11:18.916: wlan0: Received scan results
** Message: 09:12:18.927: wlan0: Received scan results
** Message: 09:13:19.008: wlan0: Received scan results
** Message: 09:14:18.939: wlan0: Received scan results
** Message: 09:15:18.944: wlan0: Received scan results
** Message: 09:16:18.950: wlan0: Received scan results
** Message: 09:17:18.957: wlan0: Received scan results
** Message: 09:18:19.037: wlan0: Received scan results
** Message: 09:19:19.151: wlan0: Received scan results
** Message: 09:20:19.086: wlan0: Received scan results
** Message: 09:21:18.990: wlan0: Received scan results
** Message: 09:22:18.993: wlan0: Received scan results
** Message: 09:23:19.071: wlan0: Received scan results
** Message: 09:24:19.087: wlan0: Received scan results
** Message: 09:25:19.022: wlan0: Received scan results
** Message: 09:26:19.020: wlan0: Received scan results
** Message: 09:27:19.028: wlan0: Received scan results
** Message: 09:28:19.034: wlan0: Received scan results
** Message: 09:29:19.113: wlan0: Received scan results
** Message: 09:30:19.059: wlan0: Received scan results
** Message: 09:31:19.099: wlan0: Received scan results
** Message: 09:32:19.073: wlan0: Received scan results
** Message: 09:33:19.155: wlan0: Received scan results
** Message: 09:34:19.158: wlan0: Received scan results
** Message: 09:35:19.055: wlan0: Received scan results
** Message: 09:36:18.998: wlan0: Received scan results
** Message: 09:37:19.016: wlan0: Received scan results
** Message: 09:38:19.018: wlan0: Received scan results
** Message: 09:39:19.084: wlan0: Received scan results
** Message: 09:40:19.036: wlan0: Received scan results
** Message: 09:41:19.110: wlan0: Received scan results
** Message: 09:42:19.114: wlan0: Received scan results
** Message: 09:43:19.060: wlan0: Received scan results
** Message: 09:44:19.049: wlan0: Received scan results
** Message: 09:45:19.070: wlan0: Received scan results
** Message: 09:46:19.066: wlan0: Received scan results
** Message: 09:47:19.086: wlan0: Received scan results
** Message: 09:48:19.165: wlan0: Received scan results
** Message: 09:49:19.166: wlan0: Received scan results
** Message: 09:50:19.103: wlan0: Received scan results
** Message: 09:51:19.114: wlan0: Received scan results
** Message: 09:52:19.018: wlan0: Received scan results
** Message: 09:53:19.026: wlan0: Received scan results
** Message: 09:54:19.141: wlan0: Received scan results
** Message: 09:55:19.034: wlan0: Received scan results
** Message: 09:56:19.084: wlan0: Received scan results
** Message: 09:57:19.054: wlan0: Received scan results
** Message: 09:58:19.059: wlan0: Received scan results
** Message: 09:59:19.067: wlan0: Received scan results
** Message: 10:00:19.073: wlan0: Received scan results
** Message: 10:01:19.089: wlan0: Received scan results
** Message: 10:02:19.126: wlan0: Received scan results
** Message: 10:03:19.144: wlan0: Received scan results
** Message: 10:04:19.143: wlan0: Received scan results
** Message: 10:05:19.203: wlan0: Received scan results
** Message: 10:06:19.124: wlan0: Received scan results
** Message: 10:07:19.128: wlan0: Received scan results
** Message: 10:08:19.170: wlan0: Received scan results
** Message: 10:09:19.070: wlan0: Received scan results
** Message: 10:10:19.089: wlan0: Received scan results
** Message: 10:11:19.122: wlan0: Received scan results
** Message: 10:12:19.102: wlan0: Received scan results
** Message: 10:13:19.150: wlan0: Received scan results
** Message: 10:14:19.141: wlan0: Received scan results
** Message: 10:15:19.158: wlan0: Received scan results
** Message: 10:16:19.155: wlan0: Received scan results
** Message: 10:17:19.105: wlan0: Received scan results
** Message: 10:18:19.173: wlan0: Received scan results
** Message: 10:19:19.112: wlan0: Received scan results
** Message: 10:20:19.122: wlan0: Received scan results
** Message: 10:21:19.130: wlan0: Received scan results
** Message: 10:22:19.176: wlan0: Received scan results
** Message: 10:23:19.074: wlan0: Received scan results
** Message: 10:24:19.091: wlan0: Received scan results
** Message: 10:25:19.091: wlan0: Received scan results
** Message: 10:26:19.100: wlan0: Received scan results
** Message: 10:27:19.115: wlan0: Received scan results
** Message: 10:28:19.072: wlan0: Received scan results
** Message: 10:29:19.135: wlan0: Received scan results
** Message: 10:30:19.130: wlan0: Received scan results
** Message: 10:31:19.150: wlan0: Received scan results
** Message: 10:32:19.147: wlan0: Received scan results
** Message: 10:33:19.114: wlan0: Received scan results
** Message: 10:34:19.123: wlan0: Received scan results
** Message: 10:35:19.170: wlan0: Received scan results
** Message: 10:36:19.180: wlan0: Received scan results
** Message: 10:37:19.084: wlan0: Received scan results
** Message: 10:38:19.224: wlan0: Received scan results
** Message: 10:39:19.104: wlan0: Received scan results
** Message: 10:40:19.060: wlan0: Received scan results
** Message: 10:41:19.117: wlan0: Received scan results
** Message: 10:42:19.167: wlan0: Received scan results
** Message: 10:43:19.084: wlan0: Received scan results
** Message: 10:44:19.103: wlan0: Received scan results
** Message: 10:45:19.098: wlan0: Received scan results
** Message: 10:46:19.108: wlan0: Received scan results
** Message: 10:47:19.117: wlan0: Received scan results
** Message: 10:48:19.113: wlan0: Received scan results
** Message: 10:49:19.186: wlan0: Received scan results
** Message: 10:50:19.274: wlan0: Received scan results
** Message: 10:51:19.268: wlan0: Received scan results
** Message: 10:52:19.071: wlan0: Received scan results
** Message: 10:53:19.072: wlan0: Received scan results
** Message: 10:54:19.063: wlan0: Received scan results
** Message: 10:55:19.071: wlan0: Received scan results
** Message: 10:56:19.119: wlan0: Received scan results
** Message: 10:57:19.087: wlan0: Received scan results
** Message: 10:58:19.144: wlan0: Received scan results
** Message: 10:59:19.109: wlan0: Received scan results
** Message: 11:00:19.121: wlan0: Received scan results
** Message: 11:01:19.131: wlan0: Received scan results
** Message: 11:02:19.134: wlan0: Received scan results
** Message: 11:03:19.221: wlan0: Received scan results
** Message: 11:04:19.145: wlan0: Received scan results
** Message: 11:05:19.154: wlan0: Received scan results
** Message: 11:06:19.160: wlan0: Received scan results
** Message: 11:07:19.164: wlan0: Received scan results
** Message: 11:08:19.169: wlan0: Received scan results
** Message: 11:09:19.124: wlan0: Received scan results
** Message: 11:10:19.265: wlan0: Received scan results
** Message: 11:11:19.088: wlan0: Received scan results
** Message: 11:12:19.226: wlan0: Received scan results
** Message: 11:13:19.093: wlan0: Received scan results
** Message: 11:14:19.115: wlan0: Received scan results
** Message: 11:15:19.144: wlan0: Received scan results
** Message: 11:16:19.144: wlan0: Received scan results
** Message: 11:17:19.215: wlan0: Received scan results
** Message: 11:18:19.244: wlan0: Received scan results
** Message: 11:19:19.266: wlan0: Received scan results
** Message: 11:20:19.176: wlan0: Received scan results
** Message: 11:21:19.187: wlan0: Received scan results
** Message: 11:22:19.090: wlan0: Received scan results
** Message: 11:23:19.202: wlan0: Received scan results
** Message: 11:24:19.147: wlan0: Received scan results
** Message: 11:25:19.170: wlan0: Received scan results
** Message: 11:26:19.117: wlan0: Received scan results
** Message: 11:27:19.218: wlan0: Received scan results
** Message: 11:28:19.128: wlan0: Received scan results
** Message: 11:29:19.226: wlan0: Received scan results
** Message: 11:30:19.138: wlan0: Received scan results
** Message: 11:31:19.164: wlan0: Received scan results
** Message: 11:32:19.154: wlan0: Received scan results
** Message: 11:33:19.212: wlan0: Received scan results
** Message: 11:34:19.231: wlan0: Received scan results
** Message: 11:35:19.261: wlan0: Received scan results
** Message: 11:36:19.262: wlan0: Received scan results
** Message: 11:37:19.267: wlan0: Received scan results
** Message: 11:38:19.238: wlan0: Received scan results
** Message: 11:39:19.252: wlan0: Received scan results
** Message: 11:40:19.209: wlan0: Received scan results
** Message: 11:41:19.287: wlan0: Received scan results
** Message: 11:42:19.218: wlan0: Received scan results
** Message: 11:43:19.195: wlan0: Received scan results
** Message: 11:44:19.166: wlan0: Received scan results
** Message: 11:45:19.187: wlan0: Received scan results
** Message: 11:46:19.141: wlan0: Received scan results
** Message: 11:47:19.187: wlan0: Received scan results
** Message: 11:48:19.206: wlan0: Received scan results
** Message: 11:49:19.204: wlan0: Received scan results
** Message: 11:50:19.219: wlan0: Received scan results
** Message: 11:51:19.161: wlan0: Received scan results
** Message: 11:52:19.213: wlan0: Received scan results
** Message: 11:53:19.169: wlan0: Received scan results
** Message: 11:54:19.236: wlan0: Received scan results
** Message: 11:55:19.182: wlan0: Received scan results
** Message: 11:56:19.198: wlan0: Received scan results
** Message: 11:57:19.196: wlan0: Received scan results
** Message: 11:58:19.147: wlan0: Received scan results
** Message: 11:59:19.282: wlan0: Received scan results
** Message: 12:00:19.262: wlan0: Received scan results
** Message: 12:01:19.269: wlan0: Received scan results
** Message: 12:02:19.273: wlan0: Received scan results
** Message: 12:03:19.216: wlan0: Received scan results
** Message: 12:04:19.291: wlan0: Received scan results
** Message: 12:05:19.189: wlan0: Received scan results
** Message: 12:06:19.145: wlan0: Received scan results
** Message: 12:07:19.139: wlan0: Received scan results
** Message: 12:08:19.158: wlan0: Received scan results
** Message: 12:09:19.213: wlan0: Received scan results
** Message: 12:10:19.244: wlan0: Received scan results
** Message: 12:11:19.252: wlan0: Received scan results
** Message: 12:12:19.253: wlan0: Received scan results
** Message: 12:13:19.239: wlan0: Received scan results
** Message: 12:14:19.250: wlan0: Received scan results
** Message: 12:15:19.281: wlan0: Received scan results
** Message: 12:16:19.284: wlan0: Received scan results
** Message: 12:17:19.294: wlan0: Received scan results
** Message: 12:18:19.271: wlan0: Received scan results
** Message: 12:19:19.217: wlan0: Received scan results
** Message: 12:20:19.220: wlan0: Received scan results
** Message: 12:21:19.238: wlan0: Received scan results
** Message: 12:22:19.234: wlan0: Received scan results
** Message: 12:23:19.306: wlan0: Received scan results
** Message: 12:24:19.306: wlan0: Received scan results
** Message: 12:25:19.228: wlan0: Received scan results
** Message: 12:26:19.155: wlan0: Received scan results
** Message: 12:27:19.265: wlan0: Received scan results
** Message: 12:28:19.169: wlan0: Received scan results
** Message: 12:29:19.264: wlan0: Received scan results
** Message: 12:30:19.185: wlan0: Received scan results
** Message: 12:31:19.281: wlan0: Received scan results
** Message: 12:32:19.248: wlan0: Received scan results
** Message: 12:33:19.210: wlan0: Received scan results
** Message: 12:34:19.204: wlan0: Received scan results
** Message: 12:35:19.214: wlan0: Received scan results
** Message: 12:36:19.215: wlan0: Received scan results
** Message: 12:37:19.282: wlan0: Received scan results
** Message: 12:38:19.234: wlan0: Received scan results
** Message: 12:39:19.293: wlan0: Received scan results
** Message: 12:40:19.236: wlan0: Received scan results
** Message: 12:41:19.241: wlan0: Received scan results
** Message: 12:42:19.312: wlan0: Received scan results
** Message: 12:43:19.257: wlan0: Received scan results
** Message: 12:44:19.274: wlan0: Received scan results
** Message: 12:45:19.267: wlan0: Received scan results
** Message: 12:46:19.267: wlan0: Received scan results
** Message: 12:47:19.174: wlan0: Received scan results
** Message: 12:48:19.180: wlan0: Received scan results
** Message: 12:49:19.184: wlan0: Received scan results
** Message: 12:50:19.198: wlan0: Received scan results
** Message: 12:51:19.203: wlan0: Received scan results
** Message: 12:52:19.211: wlan0: Received scan results
** Message: 12:53:19.222: wlan0: Received scan results
** Message: 12:54:19.215: wlan0: Received scan results
** Message: 12:55:19.291: wlan0: Received scan results
** Message: 12:56:19.227: wlan0: Received scan results
** Message: 12:57:19.257: wlan0: Received scan results
** Message: 12:58:19.177: wlan0: Received scan results
** Message: 12:59:19.199: wlan0: Received scan results
** Message: 13:00:19.212: wlan0: Received scan results
** Message: 13:01:19.238: wlan0: Received scan results
** Message: 13:02:19.253: wlan0: Received scan results
** Message: 13:03:19.259: wlan0: Received scan results
** Message: 13:04:19.333: wlan0: Received scan results
** Message: 13:05:19.292: wlan0: Received scan results
** Message: 13:06:19.367: wlan0: Received scan results
** Message: 13:07:19.205: wlan0: Received scan results
** Message: 13:08:19.221: wlan0: Received scan results
** Message: 13:09:19.214: wlan0: Received scan results
** Message: 13:10:19.234: wlan0: Received scan results
** Message: 13:11:19.239: wlan0: Received scan results
** Message: 13:12:19.262: wlan0: Received scan results
** Message: 13:13:19.260: wlan0: Received scan results
** Message: 13:14:19.356: wlan0: Received scan results
** Message: 13:15:19.280: wlan0: Received scan results
** Message: 13:16:19.287: wlan0: Received scan results
** Message: 13:17:19.183: wlan0: Received scan results
** Message: 13:18:19.210: wlan0: Received scan results
** Message: 13:19:19.212: wlan0: Received scan results
** Message: 13:20:19.223: wlan0: Received scan results
** Message: 13:21:19.226: wlan0: Received scan results
** Message: 13:22:19.239: wlan0: Received scan results
** Message: 13:23:19.223: wlan0: Received scan results
** Message: 13:24:19.253: wlan0: Received scan results
** Message: 13:25:19.265: wlan0: Received scan results
** Message: 13:26:19.282: wlan0: Received scan results
** Message: 13:27:19.284: wlan0: Received scan results
** Message: 13:28:19.293: wlan0: Received scan results
** Message: 13:29:19.276: wlan0: Received scan results
** Message: 13:30:19.280: wlan0: Received scan results
** Message: 13:31:19.226: wlan0: Received scan results
** Message: 13:32:19.198: wlan0: Received scan results
** Message: 13:33:19.242: wlan0: Received scan results
** Message: 13:34:19.219: wlan0: Received scan results
** Message: 13:35:19.225: wlan0: Received scan results
** Message: 13:36:19.236: wlan0: Received scan results
** Message: 13:37:19.242: wlan0: Received scan results
** Message: 13:38:19.270: wlan0: Received scan results
** Message: 13:39:19.264: wlan0: Received scan results
** Message: 13:40:19.290: wlan0: Received scan results
** Message: 13:41:19.279: wlan0: Received scan results
** Message: 13:42:19.314: wlan0: Received scan results
** Message: 13:43:19.228: wlan0: Received scan results
** Message: 13:44:19.202: wlan0: Received scan results
** Message: 13:45:19.212: wlan0: Received scan results
** Message: 13:46:19.252: wlan0: Received scan results
** Message: 13:47:19.248: wlan0: Received scan results
** Message: 13:48:19.232: wlan0: Received scan results
** Message: 13:49:19.261: wlan0: Received scan results
** Message: 13:50:19.266: wlan0: Received scan results
** Message: 13:51:19.335: wlan0: Received scan results
** Message: 13:52:19.237: wlan0: Received scan results
** Message: 13:53:19.281: wlan0: Received scan results
** Message: 13:54:19.283: wlan0: Received scan results
** Message: 13:55:19.286: wlan0: Received scan results
** Message: 13:56:19.260: wlan0: Received scan results
** Message: 13:57:19.291: wlan0: Received scan results
** Message: 13:58:19.297: wlan0: Received scan results
** Message: 13:59:19.313: wlan0: Received scan results
** Message: 14:00:19.316: wlan0: Received scan results
** Message: 14:01:19.323: wlan0: Received scan results
** Message: 14:02:19.345: wlan0: Received scan results
** Message: 14:03:19.329: wlan0: Received scan results
** Message: 14:04:19.356: wlan0: Received scan results
** Message: 14:05:19.246: wlan0: Received scan results
** Message: 14:06:19.257: wlan0: Received scan results
** Message: 14:07:19.259: wlan0: Received scan results
** Message: 14:08:19.269: wlan0: Received scan results
** Message: 14:09:19.274: wlan0: Received scan results
** Message: 14:10:19.291: wlan0: Received scan results
** Message: 14:11:19.288: wlan0: Received scan results
** Message: 14:12:19.297: wlan0: Received scan results
** Message: 14:13:19.307: wlan0: Received scan results
** Message: 14:14:19.322: wlan0: Received scan results
** Message: 14:15:19.320: wlan0: Received scan results
** Message: 14:16:19.327: wlan0: Received scan results
** Message: 14:17:19.337: wlan0: Received scan results
** Message: 14:18:19.342: wlan0: Received scan results
** Message: 14:19:19.357: wlan0: Received scan results
** Message: 14:20:19.365: wlan0: Received scan results
** Message: 14:21:19.364: wlan0: Received scan results
** Message: 14:22:19.382: wlan0: Received scan results
** Message: 14:23:19.279: wlan0: Received scan results
** Message: 14:24:19.269: wlan0: Received scan results
** Message: 14:25:19.275: wlan0: Received scan results
** Message: 14:26:19.306: wlan0: Received scan results
** Message: 14:27:19.324: wlan0: Received scan results
** Message: 14:28:19.295: wlan0: Received scan results
** Message: 14:29:19.300: wlan0: Received scan results
** Message: 14:30:19.314: wlan0: Received scan results
** Message: 14:31:19.325: wlan0: Received scan results
** Message: 14:32:19.334: wlan0: Received scan results
** Message: 14:33:19.343: wlan0: Received scan results
** Message: 14:34:19.270: wlan0: Received scan results
** Message: 14:35:19.256: wlan0: Received scan results
** Message: 14:36:19.258: wlan0: Received scan results
** Message: 14:37:19.397: wlan0: Received scan results
** Message: 14:38:19.300: wlan0: Received scan results
** Message: 14:39:19.313: wlan0: Received scan results
** Message: 14:40:19.306: wlan0: Received scan results
** Message: 14:41:19.327: wlan0: Received scan results
** Message: 14:42:19.335: wlan0: Received scan results
** Message: 14:43:19.343: wlan0: Received scan results
** Message: 14:44:19.350: wlan0: Received scan results
** Message: 14:45:19.357: wlan0: Received scan results
** Message: 14:46:19.345: wlan0: Received scan results
** Message: 14:47:19.364: wlan0: Received scan results
** Message: 14:48:19.343: wlan0: Received scan results
** Message: 14:49:19.343: wlan0: Received scan results
** Message: 14:50:19.344: wlan0: Received scan results
** Message: 14:51:19.340: wlan0: Received scan results
** Message: 14:52:19.342: wlan0: Received scan results
** Message: 14:53:19.348: wlan0: Received scan results
** Message: 14:54:19.350: wlan0: Received scan results
** Message: 14:55:19.352: wlan0: Received scan results
** Message: 14:56:19.362: wlan0: Received scan results
** Message: 14:57:19.364: wlan0: Received scan results
** Message: 14:58:19.351: wlan0: Received scan results
** Message: 14:59:19.376: wlan0: Received scan results
** Message: 15:00:19.372: wlan0: Received scan results
** Message: 15:01:19.355: wlan0: Received scan results
** Message: 15:02:19.364: wlan0: Received scan results
** Message: 15:03:19.392: wlan0: Received scan results
** Message: 15:04:19.397: wlan0: Received scan results
** Message: 15:05:19.409: wlan0: Received scan results
** Message: 15:06:19.405: wlan0: Received scan results
** Message: 15:07:19.407: wlan0: Received scan results
** Message: 15:08:19.462: wlan0: Received scan results
** Message: 15:09:19.315: wlan0: Received scan results
** Message: 15:10:19.356: wlan0: Received scan results
** Message: 15:11:19.304: wlan0: Received scan results
** Message: 15:12:19.308: wlan0: Received scan results
** Message: 15:13:19.342: wlan0: Received scan results
** Message: 15:14:19.388: wlan0: Received scan results
** Message: 15:15:19.362: wlan0: Received scan results
** Message: 15:16:19.417: wlan0: Received scan results
** Message: 15:17:19.378: wlan0: Received scan results
** Message: 15:18:19.392: wlan0: Received scan results
** Message: 15:19:19.429: wlan0: Received scan results
** Message: 15:20:19.408: wlan0: Received scan results
** Message: 15:21:19.431: wlan0: Received scan results
** Message: 15:22:19.320: wlan0: Received scan results
** Message: 15:23:19.332: wlan0: Received scan results
** Message: 15:24:19.340: wlan0: Received scan results
** Message: 15:25:19.509: wlan0: Received scan results
** Message: 15:26:19.387: wlan0: Received scan results
** Message: 15:27:19.390: wlan0: Received scan results
** Message: 15:28:19.431: wlan0: Received scan results
** Message: 15:29:19.401: wlan0: Received scan results
** Message: 15:30:19.418: wlan0: Received scan results
** Message: 15:31:19.431: wlan0: Received scan results
** Message: 15:32:19.433: wlan0: Received scan results
** Message: 15:33:19.428: wlan0: Received scan results
** Message: 15:34:19.432: wlan0: Received scan results
** Message: 15:35:19.433: wlan0: Received scan results
** Message: 15:36:19.461: wlan0: Received scan results
** Message: 15:37:19.454: wlan0: Received scan results
** Message: 15:38:19.459: wlan0: Received scan results
** Message: 15:39:19.463: wlan0: Received scan results
** Message: 15:40:19.372: wlan0: Received scan results
** Message: 15:41:19.349: wlan0: Received scan results
** Message: 15:42:19.366: wlan0: Received scan results
** Message: 15:43:19.361: wlan0: Received scan results
** Message: 15:44:19.377: wlan0: Received scan results
** Message: 15:45:19.379: wlan0: Received scan results
** Message: 15:46:19.387: wlan0: Received scan results
** Message: 15:47:19.399: wlan0: Received scan results
** Message: 15:48:19.395: wlan0: Received scan results
** Message: 15:49:19.419: wlan0: Received scan results
** Message: 15:50:19.412: wlan0: Received scan results
** Message: 15:51:19.446: wlan0: Received scan results
** Message: 15:52:19.414: wlan0: Received scan results
** Message: 15:53:19.420: wlan0: Received scan results
** Message: 15:54:19.435: wlan0: Received scan results
** Message: 15:55:19.447: wlan0: Received scan results
** Message: 15:56:19.452: wlan0: Received scan results
** Message: 15:57:19.367: wlan0: Received scan results
** Message: 15:58:19.372: wlan0: Received scan results
** Message: 15:59:19.359: wlan0: Received scan results
** Message: 16:00:19.382: wlan0: Received scan results
** Message: 16:01:19.377: wlan0: Received scan results
** Message: 16:02:19.392: wlan0: Received scan results
** Message: 16:03:19.403: wlan0: Received scan results
** Message: 16:04:19.397: wlan0: Received scan results
** Message: 16:05:19.405: wlan0: Received scan results
** Message: 16:06:19.410: wlan0: Received scan results
** Message: 16:07:19.420: wlan0: Received scan results
** Message: 16:08:19.438: wlan0: Received scan results
** Message: 16:09:19.431: wlan0: Received scan results
** Message: 16:10:19.429: wlan0: Received scan results
** Message: 16:11:19.473: wlan0: Received scan results
** Message: 16:12:19.453: wlan0: Received scan results
** Message: 16:13:19.458: wlan0: Received scan results
** Message: 16:14:19.468: wlan0: Received scan results
** Message: 16:15:19.367: wlan0: Received scan results
** Message: 16:16:19.472: wlan0: Received scan results
** Message: 16:17:19.380: wlan0: Received scan results
** Message: 16:18:19.379: wlan0: Received scan results
** Message: 16:19:19.382: wlan0: Received scan results
** Message: 16:20:19.398: wlan0: Received scan results
** Message: 16:21:19.404: wlan0: Received scan results
** Message: 16:22:19.423: wlan0: Received scan results
** Message: 16:23:19.426: wlan0: Received scan results
** Message: 16:24:19.431: wlan0: Received scan results
** Message: 16:25:19.429: wlan0: Received scan results
** Message: 16:26:19.425: wlan0: Received scan results
** Message: 16:27:19.445: wlan0: Received scan results
** Message: 16:28:19.444: wlan0: Received scan results
** Message: 16:29:19.453: wlan0: Received scan results
** Message: 16:30:19.462: wlan0: Received scan results
** Message: 16:31:19.463: wlan0: Received scan results
** Message: 16:32:19.466: wlan0: Received scan results
** Message: 16:33:19.482: wlan0: Received scan results
** Message: 16:34:19.481: wlan0: Received scan results
** Message: 16:35:19.489: wlan0: Received scan results
** Message: 16:36:19.497: wlan0: Received scan results
** Message: 16:37:19.400: wlan0: Received scan results
** Message: 16:38:19.402: wlan0: Received scan results
** Message: 16:39:19.411: wlan0: Received scan results
** Message: 16:40:19.407: wlan0: Received scan results
** Message: 16:41:19.433: wlan0: Received scan results
** Message: 16:42:19.430: wlan0: Received scan results
** Message: 16:43:19.436: wlan0: Received scan results
** Message: 16:44:19.448: wlan0: Received scan results
** Message: 16:45:19.453: wlan0: Received scan results
** Message: 16:46:19.456: wlan0: Received scan results
** Message: 16:47:19.462: wlan0: Received scan results
** Message: 16:48:19.476: wlan0: Received scan results
** Message: 16:49:19.486: wlan0: Received scan results
** Message: 16:50:19.483: wlan0: Received scan results
** Message: 16:51:19.499: wlan0: Received scan results
** Message: 16:52:19.506: wlan0: Received scan results
** Message: 16:53:19.511: wlan0: Received scan results
** Message: 16:54:19.510: wlan0: Received scan results
** Message: 16:55:19.529: wlan0: Received scan results
** Message: 16:56:19.417: wlan0: Received scan results
** Message: 16:57:19.426: wlan0: Received scan results
** Message: 16:58:19.434: wlan0: Received scan results
** Message: 16:59:19.429: wlan0: Received scan results
** Message: 17:00:19.446: wlan0: Received scan results
** Message: 17:01:19.451: wlan0: Received scan results
** Message: 17:02:19.465: wlan0: Received scan results
** Message: 17:03:19.464: wlan0: Received scan results
** Message: 17:04:19.479: wlan0: Received scan results
** Message: 17:05:19.469: wlan0: Received scan results
** Message: 17:06:19.490: wlan0: Received scan results
** Message: 17:07:19.497: wlan0: Received scan results
** Message: 17:08:19.498: wlan0: Received scan results
** Message: 17:09:19.513: wlan0: Received scan results
** Message: 17:10:19.505: wlan0: Received scan results
** Message: 17:11:19.507: wlan0: Received scan results
** Message: 17:12:19.417: wlan0: Received scan results
** Message: 17:13:19.429: wlan0: Received scan results
** Message: 17:14:19.448: wlan0: Received scan results
** Message: 17:15:19.462: wlan0: Received scan results
** Message: 17:16:19.481: wlan0: Received scan results
** Message: 17:17:19.491: wlan0: Received scan results
** Message: 17:18:19.502: wlan0: Received scan results
** Message: 17:19:19.519: wlan0: Received scan results
** Message: 17:20:19.529: wlan0: Received scan results
** Message: 17:21:19.433: wlan0: Received scan results
** Message: 17:22:19.439: wlan0: Received scan results
** Message: 17:23:19.458: wlan0: Received scan results
** Message: 17:24:19.494: wlan0: Received scan results
** Message: 17:25:19.479: wlan0: Received scan results
** Message: 17:26:19.509: wlan0: Received scan results
** Message: 17:27:19.491: wlan0: Received scan results
** Message: 17:28:19.502: wlan0: Received scan results
** Message: 17:29:19.507: wlan0: Received scan results
** Message: 17:30:19.527: wlan0: Received scan results
** Message: 17:31:19.532: wlan0: Received scan results
** Message: 17:32:19.524: wlan0: Received scan results
** Message: 17:33:19.548: wlan0: Received scan results
** Message: 17:34:19.454: wlan0: Received scan results
** Message: 17:35:19.479: wlan0: Received scan results
** Message: 17:36:19.493: wlan0: Received scan results
** Message: 17:37:19.475: wlan0: Received scan results
** Message: 17:38:19.505: wlan0: Received scan results
** Message: 17:39:19.516: wlan0: Received scan results
** Message: 17:40:19.494: wlan0: Received scan results
** Message: 17:41:19.505: wlan0: Received scan results
** Message: 17:42:19.516: wlan0: Received scan results
** Message: 17:43:19.515: wlan0: Received scan results
** Message: 17:44:19.526: wlan0: Received scan results
** Message: 17:45:19.539: wlan0: Received scan results
** Message: 17:46:19.550: wlan0: Received scan results
** Message: 17:47:19.549: wlan0: Received scan results
** Message: 17:48:19.459: wlan0: Received scan results
** Message: 17:49:19.463: wlan0: Received scan results
** Message: 17:50:19.469: wlan0: Received scan results
** Message: 17:51:19.476: wlan0: Received scan results
** Message: 17:52:19.486: wlan0: Received scan results
** Message: 17:53:19.498: wlan0: Received scan results
** Message: 17:54:19.504: wlan0: Received scan results
** Message: 17:55:19.510: wlan0: Received scan results
** Message: 17:56:19.516: wlan0: Received scan results
** Message: 17:57:19.529: wlan0: Received scan results
** Message: 17:58:19.540: wlan0: Received scan results
** Message: 17:59:19.544: wlan0: Received scan results
** Message: 18:00:19.544: wlan0: Received scan results
** Message: 18:01:19.554: wlan0: Received scan results
** Message: 18:02:19.470: wlan0: Received scan results
** Message: 18:03:19.566: wlan0: Received scan results
** Message: 18:04:19.477: wlan0: Received scan results
** Message: 18:05:19.480: wlan0: Received scan results
** Message: 18:06:19.492: wlan0: Received scan results
** Message: 18:07:19.508: wlan0: Received scan results
** Message: 18:08:19.507: wlan0: Received scan results
** Message: 18:09:19.520: wlan0: Received scan results
** Message: 18:10:19.521: wlan0: Received scan results
** Message: 18:11:19.529: wlan0: Received scan results
** Message: 18:12:19.535: wlan0: Received scan results
** Message: 18:13:19.543: wlan0: Received scan results
** Message: 18:14:19.566: wlan0: Received scan results
** Message: 18:15:19.556: wlan0: Received scan results
** Message: 18:16:19.569: wlan0: Received scan results
** Message: 18:17:19.485: wlan0: Received scan results
** Message: 18:18:19.584: wlan0: Received scan results
** Message: 18:19:19.480: wlan0: Received scan results
** Message: 18:20:19.496: wlan0: Received scan results
** Message: 18:21:19.503: wlan0: Received scan results
** Message: 18:22:19.514: wlan0: Received scan results
** Message: 18:23:19.520: wlan0: Received scan results
** Message: 18:24:19.535: wlan0: Received scan results
** Message: 18:25:19.536: wlan0: Received scan results
** Message: 18:26:19.537: wlan0: Received scan results
** Message: 18:27:19.549: wlan0: Received scan results
** Message: 18:28:19.566: wlan0: Received scan results
** Message: 18:29:19.581: wlan0: Received scan results
** Message: 18:30:19.566: wlan0: Received scan results
** Message: 18:31:19.586: wlan0: Received scan results
** Message: 18:32:19.597: wlan0: Received scan results
** Message: 18:33:19.595: wlan0: Received scan results
** Message: 18:34:19.503: wlan0: Received scan results
** Message: 18:35:19.510: wlan0: Received scan results
** Message: 18:36:19.517: wlan0: Received scan results
** Message: 18:37:19.636: wlan0: Received scan results
** Message: 18:38:19.531: wlan0: Received scan results
** Message: 18:39:19.533: wlan0: Received scan results
** Message: 18:40:19.555: wlan0: Received scan results
** Message: 18:41:19.546: wlan0: Received scan results
** Message: 18:42:19.552: wlan0: Received scan results
** Message: 18:43:19.560: wlan0: Received scan results
** Message: 18:44:19.577: wlan0: Received scan results
** Message: 18:45:19.594: wlan0: Received scan results
** Message: 18:46:19.593: wlan0: Received scan results
** Message: 18:47:19.598: wlan0: Received scan results
** Message: 18:48:19.592: wlan0: Received scan results
** Message: 18:49:19.606: wlan0: Received scan results
** Message: 18:50:19.622: wlan0: Received scan results
** Message: 18:51:19.529: wlan0: Received scan results
** Message: 18:52:19.640: wlan0: Received scan results
** Message: 18:53:19.549: wlan0: Received scan results
** Message: 18:54:19.552: wlan0: Received scan results
** Message: 18:55:19.556: wlan0: Received scan results
** Message: 18:56:19.561: wlan0: Received scan results
** Message: 18:57:19.571: wlan0: Received scan results
** Message: 18:58:19.594: wlan0: Received scan results
** Message: 18:59:19.584: wlan0: Received scan results
** Message: 19:00:19.590: wlan0: Received scan results
** Message: 19:01:19.609: wlan0: Received scan results
** Message: 19:02:19.607: wlan0: Received scan results
** Message: 19:03:19.627: wlan0: Received scan results
** Message: 19:04:19.619: wlan0: Received scan results
** Message: 19:05:19.632: wlan0: Received scan results
** Message: 19:06:19.636: wlan0: Received scan results
** Message: 19:07:19.538: wlan0: Received scan results
** Message: 19:08:19.557: wlan0: Received scan results
** Message: 19:09:19.557: wlan0: Received scan results
** Message: 19:10:19.563: wlan0: Received scan results
** Message: 19:11:19.570: wlan0: Received scan results
** Message: 19:12:19.572: wlan0: Received scan results
** Message: 19:13:19.570: wlan0: Received scan results
** Message: 19:14:19.574: wlan0: Received scan results
** Message: 19:15:19.578: wlan0: Received scan results
** Message: 19:16:19.576: wlan0: Received scan results
** Message: 19:17:19.578: wlan0: Received scan results
** Message: 19:18:19.584: wlan0: Received scan results
** Message: 19:19:19.586: wlan0: Received scan results
** Message: 19:20:19.588: wlan0: Received scan results
** Message: 19:21:19.595: wlan0: Received scan results
** Message: 19:22:19.604: wlan0: Received scan results
** Message: 19:23:19.593: wlan0: Received scan results
** Message: 19:24:19.602: wlan0: Received scan results
** Message: 19:25:19.618: wlan0: Received scan results
** Message: 19:26:19.616: wlan0: Received scan results
** Message: 19:27:19.632: wlan0: Received scan results
** Message: 19:28:19.629: wlan0: Received scan results
** Message: 19:29:19.534: wlan0: Received scan results
** Message: 19:30:19.641: wlan0: Received scan results
** Message: 19:31:19.647: wlan0: Received scan results
** Message: 19:32:19.654: wlan0: Received scan results
** Message: 19:33:19.650: wlan0: Received scan results
** Message: 19:34:19.665: wlan0: Received scan results
** Message: 19:35:19.569: wlan0: Received scan results
** Message: 19:36:19.565: wlan0: Received scan results
** Message: 19:37:19.574: wlan0: Received scan results
** Message: 19:38:19.581: wlan0: Received scan results
** Message: 19:39:19.584: wlan0: Received scan results
** Message: 19:40:19.601: wlan0: Received scan results
** Message: 19:41:19.610: wlan0: Received scan results
** Message: 19:42:19.631: wlan0: Received scan results
** Message: 19:43:19.631: wlan0: Received scan results
** Message: 19:44:19.621: wlan0: Received scan results
** Message: 19:45:19.622: wlan0: Received scan results
** Message: 19:46:19.643: wlan0: Received scan results
** Message: 19:47:19.640: wlan0: Received scan results
** Message: 19:48:19.663: wlan0: Received scan results
** Message: 19:49:19.659: wlan0: Received scan results
